Using pre-set license
Built from '2020.3/staging' branch; Version is '2020.3.21f1 (a38c86f6690f) revision 10718342'; Using compiler version '192528614'; Build Type 'Release'
OS: 'Windows 10 Pro; OS build 18363.1139; Version 1909; 64bit' Language: 'ru' Physical Memory: 8140 MB
BatchMode: 1, IsHumanControllingUs: 0, StartBugReporterOnCrash: 0, Is64bit: 1, IsPro: 0

COMMAND LINE ARGUMENTS:
Y:\unity\2020.3.21f1\Editor\Unity.exe
-adb2
-batchMode
-noUpm
-name
AssetImportWorker0
-projectPath
Z:/Robo Ecology - Clean Planet
-logFile
Logs/AssetImportWorker0.log
-srvPort
62928
Successfully changed project path to: Z:/Robo Ecology - Clean Planet
Z:/Robo Ecology - Clean Planet
Using Asset Import Pipeline V2.
Multiple plugins with the same name 'zlib64plastic' (found at 'Packages/com.unity.collab-proxy/Lib/Editor/PlasticSCM/zlib64Plastic.dll' and 'Assets/Library/PackageCache/com.unity.collab-proxy@1.13.5/Lib/Editor/PlasticSCM/zlib64Plastic.dll'). That means one or more plugins are set to be compatible with Editor. Only one plugin at the time can be used by Editor.
Multiple plugins with the same name 'lz4x64plastic' (found at 'Assets/Library/PackageCache/com.unity.collab-proxy@1.13.5/Lib/Editor/PlasticSCM/lz4x64Plastic.dll' and 'Packages/com.unity.collab-proxy/Lib/Editor/PlasticSCM/lz4x64Plastic.dll'). That means one or more plugins are set to be compatible with Editor. Only one plugin at the time can be used by Editor.
Refreshing native plugins compatible for Editor in 239.93 ms, found 2 plugins.
Preloading 0 native plugins for Editor in 0.00 ms.
Initialize engine version: 2020.3.21f1 (a38c86f6690f)
[Subsystems] Discovering subsystems at path Y:/unity/2020.3.21f1/Editor/Data/Resources/UnitySubsystems
[Subsystems] Discovering subsystems at path Z:/Robo Ecology - Clean Planet/Assets
GfxDevice: creating device client; threaded=0
Direct3D:
    Version:  Direct3D 11.0 [level 11.1]
    Renderer: Radeon RX 570 Series (ID=0x67df)
    Vendor:   
    VRAM:     8171 MB
    Driver:   30.0.14023.3004
Initialize mono
Mono path[0] = 'Y:/unity/2020.3.21f1/Editor/Data/Managed'
Mono path[1] = 'Y:/unity/2020.3.21f1/Editor/Data/MonoBleedingEdge/lib/mono/unityjit'
Mono config path = 'Y:/unity/2020.3.21f1/Editor/Data/MonoBleedingEdge/etc'
Using monoOptions --debugger-agent=transport=dt_socket,embedding=1,server=y,suspend=n,address=127.0.0.1:56472
Begin MonoManager ReloadAssembly
Registering precompiled unity dll's ...
Register platform support module: Y:/unity/2020.3.21f1/Editor/Data/PlaybackEngines/WebGLSupport/UnityEditor.WebGL.Extensions.dll
Register platform support module: Y:/unity/2020.3.21f1/Editor/Data/PlaybackEngines/WindowsStandaloneSupport/UnityEditor.WindowsStandalone.Extensions.dll
Register platform support module: Y:/unity/2020.3.21f1/Editor/Data/PlaybackEngines/LinuxStandaloneSupport/UnityEditor.LinuxStandalone.Extensions.dll
Registered in 0.003489 seconds.
Native extension for LinuxStandalone target not found
Native extension for WindowsStandalone target not found
Native extension for WebGL target not found
Multiple plugins with the same name 'zlib64plastic' (found at 'Packages/com.unity.collab-proxy/Lib/Editor/PlasticSCM/zlib64Plastic.dll' and 'Assets/Library/PackageCache/com.unity.collab-proxy@1.13.5/Lib/Editor/PlasticSCM/zlib64Plastic.dll'). That means one or more plugins are set to be compatible with Editor. Only one plugin at the time can be used by Editor.
Multiple plugins with the same name 'lz4x64plastic' (found at 'Assets/Library/PackageCache/com.unity.collab-proxy@1.13.5/Lib/Editor/PlasticSCM/lz4x64Plastic.dll' and 'Packages/com.unity.collab-proxy/Lib/Editor/PlasticSCM/lz4x64Plastic.dll'). That means one or more plugins are set to be compatible with Editor. Only one plugin at the time can be used by Editor.
Refreshing native plugins compatible for Editor in 138.65 ms, found 2 plugins.
Preloading 0 native plugins for Editor in 0.00 ms.
Mono: successfully reloaded assembly
- Completed reload, in  2.994 seconds
Domain Reload Profiling:
	ReloadAssembly (2994ms)
		BeginReloadAssembly (51ms)
			ExecutionOrderSort (0ms)
			DisableScriptedObjects (0ms)
			BackupInstance (0ms)
			ReleaseScriptingObjects (0ms)
			CreateAndSetChildDomain (1ms)
		EndReloadAssembly (617ms)
			LoadAssemblies (51ms)
			RebuildTransferFunctionScriptingTraits (0ms)
			SetupTypeCache (162ms)
			ReleaseScriptCaches (0ms)
			RebuildScriptCaches (29ms)
			SetupLoadedEditorAssemblies (299ms)
				LogAssemblyErrors (0ms)
				InitializePlatformSupportModulesInManaged (6ms)
				SetLoadedEditorAssemblies (0ms)
				RefreshPlugins (139ms)
				BeforeProcessingInitializeOnLoad (21ms)
				ProcessInitializeOnLoadAttributes (81ms)
				ProcessInitializeOnLoadMethodAttributes (52ms)
				AfterProcessingInitializeOnLoad (0ms)
				EditorAssembliesLoaded (0ms)
			ExecutionOrderSort2 (0ms)
			AwakeInstancesAfterBackupRestoration (0ms)
Platform modules already initialized, skipping
Registering precompiled user dll's ...
Registered in 0.113482 seconds.
Assembly with name 'Unity.VSCode.Editor' already exists (Assets/Library/PackageCache/com.unity.ide.vscode@1.2.4/Editor/Unity.com.unity.vscode.Editor.asmdef)
Assembly with name 'Unity.VSCode.Editor' already exists (Packages/com.unity.ide.vscode/Editor/Unity.com.unity.vscode.Editor.asmdef)
Assembly with name 'UnityEditor.UI' already exists (Assets/Library/PackageCache/com.unity.ugui@1.0.0/Editor/UnityEditor.UI.asmdef)
Assembly with name 'UnityEditor.UI' already exists (Packages/com.unity.ugui/Editor/UnityEditor.UI.asmdef)
Assembly with name 'UnityEditor.UI.EditorTests' already exists (Packages/com.unity.ugui/Tests/Editor/UnityEditor.UI.EditorTests.asmdef)
Assembly with name 'UnityEditor.UI.EditorTests' already exists (Assets/Library/PackageCache/com.unity.ugui@1.0.0/Tests/Editor/UnityEditor.UI.EditorTests.asmdef)
Assembly with name 'UnityEngine.UI' already exists (Assets/Library/PackageCache/com.unity.ugui@1.0.0/Runtime/UnityEngine.UI.asmdef)
Assembly with name 'UnityEngine.UI' already exists (Packages/com.unity.ugui/Runtime/UnityEngine.UI.asmdef)
Assembly with name 'UnityEngine.UI.Tests' already exists (Packages/com.unity.ugui/Tests/Runtime/UnityEngine.UI.Tests.asmdef)
Assembly with name 'UnityEngine.UI.Tests' already exists (Assets/Library/PackageCache/com.unity.ugui@1.0.0/Tests/Runtime/UnityEngine.UI.Tests.asmdef)
Assembly with name 'Unity.TextMeshPro' already exists (Packages/com.unity.textmeshpro/Scripts/Runtime/Unity.TextMeshPro.asmdef)
Assembly with name 'Unity.TextMeshPro' already exists (Assets/Library/PackageCache/com.unity.textmeshpro@3.0.6/Scripts/Runtime/Unity.TextMeshPro.asmdef)
Assembly with name 'Unity.TextMeshPro.Editor.Tests' already exists (Packages/com.unity.textmeshpro/Tests/Editor/Unity.TextMeshPro.Editor.Tests.asmdef)
Assembly with name 'Unity.TextMeshPro.Editor.Tests' already exists (Assets/Library/PackageCache/com.unity.textmeshpro@3.0.6/Tests/Editor/Unity.TextMeshPro.Editor.Tests.asmdef)
Assembly with name 'UnityEditor.TestRunner' already exists (Assets/Library/PackageCache/com.unity.test-framework@1.1.29/UnityEditor.TestRunner/UnityEditor.TestRunner.asmdef)
Assembly with name 'UnityEditor.TestRunner' already exists (Packages/com.unity.test-framework/UnityEditor.TestRunner/UnityEditor.TestRunner.asmdef)
Assembly with name 'UnityEngine.TestRunner' already exists (Assets/Library/PackageCache/com.unity.test-framework@1.1.29/UnityEngine.TestRunner/UnityEngine.TestRunner.asmdef)
Assembly with name 'UnityEngine.TestRunner' already exists (Packages/com.unity.test-framework/UnityEngine.TestRunner/UnityEngine.TestRunner.asmdef)
Assembly with name 'Unity.Services.Core.Editor' already exists (Packages/com.unity.services.core/Editor/Core/Unity.Services.Core.Editor.asmdef)
Assembly with name 'Unity.Services.Core.Editor' already exists (Assets/Library/PackageCache/com.unity.services.core@1.0.1/Editor/Core/Unity.Services.Core.Editor.asmdef)
Assembly with name 'Unity.TextMeshPro.Tests' already exists (Packages/com.unity.textmeshpro/Tests/Runtime/Unity.TextMeshPro.Tests.asmdef)
Assembly with name 'Unity.TextMeshPro.Tests' already exists (Assets/Library/PackageCache/com.unity.textmeshpro@3.0.6/Tests/Runtime/Unity.TextMeshPro.Tests.asmdef)
Assembly with name 'Unity.VisualStudio.Editor' already exists (Assets/Library/PackageCache/com.unity.ide.visualstudio@2.0.11/Editor/com.unity.ide.visualstudio.asmdef)
Assembly with name 'Unity.VisualStudio.Editor' already exists (Packages/com.unity.ide.visualstudio/Editor/com.unity.ide.visualstudio.asmdef)
Assembly with name 'Unity.CollabProxy.EditorTests' already exists (Packages/com.unity.collab-proxy/Tests/Editor/Collaborate/Unity.CollabProxy.EditorTests.asmdef)
Assembly with name 'Unity.CollabProxy.EditorTests' already exists (Assets/Library/PackageCache/com.unity.collab-proxy@1.13.5/Tests/Editor/Collaborate/Unity.CollabProxy.EditorTests.asmdef)
Assembly with name 'Unity.PlasticSCM.Editor' already exists (Assets/Library/PackageCache/com.unity.collab-proxy@1.13.5/Editor/PlasticSCM/Unity.PlasticSCM.Editor.asmdef)
Assembly with name 'Unity.PlasticSCM.Editor' already exists (Packages/com.unity.collab-proxy/Editor/PlasticSCM/Unity.PlasticSCM.Editor.asmdef)
Assembly with name 'Unity.Nuget.NewtonsoftJson.EditorTests' already exists (Packages/com.unity.nuget.newtonsoft-json/Tests/Editor/Unity.Nuget.NewtonsoftJson.EditorTests.asmdef)
Assembly with name 'Unity.Nuget.NewtonsoftJson.EditorTests' already exists (Assets/Library/PackageCache/com.unity.nuget.newtonsoft-json@2.0.0/Tests/Editor/Unity.Nuget.NewtonsoftJson.EditorTests.asmdef)
Assembly with name 'Unity.TextMeshPro.Editor' already exists (Assets/Library/PackageCache/com.unity.textmeshpro@3.0.6/Scripts/Editor/Unity.TextMeshPro.Editor.asmdef)
Assembly with name 'Unity.TextMeshPro.Editor' already exists (Packages/com.unity.textmeshpro/Scripts/Editor/Unity.TextMeshPro.Editor.asmdef)
Assembly with name 'Unity.CollabProxy.Editor' already exists (Assets/Library/PackageCache/com.unity.collab-proxy@1.13.5/Editor/Collaborate/Unity.CollabProxy.Editor.asmdef)
Assembly with name 'Unity.CollabProxy.Editor' already exists (Packages/com.unity.collab-proxy/Editor/Collaborate/Unity.CollabProxy.Editor.asmdef)
Assembly with name 'Unity.PlasticSCM.EditorTests' already exists (Assets/Library/PackageCache/com.unity.collab-proxy@1.13.5/Tests/Editor/PlasticSCM/Unity.PlasticSCM.EditorTests.asmdef)
Assembly with name 'Unity.PlasticSCM.EditorTests' already exists (Packages/com.unity.collab-proxy/Tests/Editor/PlasticSCM/Unity.PlasticSCM.EditorTests.asmdef)
Assembly with name 'Unity.VSCode.Editor' already exists (Assets/Library/PackageCache/com.unity.ide.vscode@1.2.4/Editor/Unity.com.unity.vscode.Editor.asmdef)
Assembly with name 'Unity.VSCode.Editor' already exists (Packages/com.unity.ide.vscode/Editor/Unity.com.unity.vscode.Editor.asmdef)
Assembly with name 'UnityEditor.UI' already exists (Assets/Library/PackageCache/com.unity.ugui@1.0.0/Editor/UnityEditor.UI.asmdef)
Assembly with name 'UnityEditor.UI' already exists (Packages/com.unity.ugui/Editor/UnityEditor.UI.asmdef)
Assembly with name 'UnityEditor.UI.EditorTests' already exists (Packages/com.unity.ugui/Tests/Editor/UnityEditor.UI.EditorTests.asmdef)
Assembly with name 'UnityEditor.UI.EditorTests' already exists (Assets/Library/PackageCache/com.unity.ugui@1.0.0/Tests/Editor/UnityEditor.UI.EditorTests.asmdef)
Assembly with name 'UnityEngine.UI' already exists (Assets/Library/PackageCache/com.unity.ugui@1.0.0/Runtime/UnityEngine.UI.asmdef)
Assembly with name 'UnityEngine.UI' already exists (Packages/com.unity.ugui/Runtime/UnityEngine.UI.asmdef)
Assembly with name 'UnityEngine.UI.Tests' already exists (Packages/com.unity.ugui/Tests/Runtime/UnityEngine.UI.Tests.asmdef)
Assembly with name 'UnityEngine.UI.Tests' already exists (Assets/Library/PackageCache/com.unity.ugui@1.0.0/Tests/Runtime/UnityEngine.UI.Tests.asmdef)
Assembly with name 'Unity.TextMeshPro' already exists (Packages/com.unity.textmeshpro/Scripts/Runtime/Unity.TextMeshPro.asmdef)
Assembly with name 'Unity.TextMeshPro' already exists (Assets/Library/PackageCache/com.unity.textmeshpro@3.0.6/Scripts/Runtime/Unity.TextMeshPro.asmdef)
Assembly with name 'Unity.TextMeshPro.Editor.Tests' already exists (Packages/com.unity.textmeshpro/Tests/Editor/Unity.TextMeshPro.Editor.Tests.asmdef)
Assembly with name 'Unity.TextMeshPro.Editor.Tests' already exists (Assets/Library/PackageCache/com.unity.textmeshpro@3.0.6/Tests/Editor/Unity.TextMeshPro.Editor.Tests.asmdef)
Assembly with name 'UnityEditor.TestRunner' already exists (Assets/Library/PackageCache/com.unity.test-framework@1.1.29/UnityEditor.TestRunner/UnityEditor.TestRunner.asmdef)
Assembly with name 'UnityEditor.TestRunner' already exists (Packages/com.unity.test-framework/UnityEditor.TestRunner/UnityEditor.TestRunner.asmdef)
Assembly with name 'UnityEngine.TestRunner' already exists (Assets/Library/PackageCache/com.unity.test-framework@1.1.29/UnityEngine.TestRunner/UnityEngine.TestRunner.asmdef)
Assembly with name 'UnityEngine.TestRunner' already exists (Packages/com.unity.test-framework/UnityEngine.TestRunner/UnityEngine.TestRunner.asmdef)
Assembly with name 'Unity.Services.Core.Editor' already exists (Packages/com.unity.services.core/Editor/Core/Unity.Services.Core.Editor.asmdef)
Assembly with name 'Unity.Services.Core.Editor' already exists (Assets/Library/PackageCache/com.unity.services.core@1.0.1/Editor/Core/Unity.Services.Core.Editor.asmdef)
Assembly with name 'Unity.TextMeshPro.Tests' already exists (Packages/com.unity.textmeshpro/Tests/Runtime/Unity.TextMeshPro.Tests.asmdef)
Assembly with name 'Unity.TextMeshPro.Tests' already exists (Assets/Library/PackageCache/com.unity.textmeshpro@3.0.6/Tests/Runtime/Unity.TextMeshPro.Tests.asmdef)
Assembly with name 'Unity.VisualStudio.Editor' already exists (Assets/Library/PackageCache/com.unity.ide.visualstudio@2.0.11/Editor/com.unity.ide.visualstudio.asmdef)
Assembly with name 'Unity.VisualStudio.Editor' already exists (Packages/com.unity.ide.visualstudio/Editor/com.unity.ide.visualstudio.asmdef)
Assembly with name 'Unity.CollabProxy.EditorTests' already exists (Packages/com.unity.collab-proxy/Tests/Editor/Collaborate/Unity.CollabProxy.EditorTests.asmdef)
Assembly with name 'Unity.CollabProxy.EditorTests' already exists (Assets/Library/PackageCache/com.unity.collab-proxy@1.13.5/Tests/Editor/Collaborate/Unity.CollabProxy.EditorTests.asmdef)
Assembly with name 'Unity.PlasticSCM.Editor' already exists (Assets/Library/PackageCache/com.unity.collab-proxy@1.13.5/Editor/PlasticSCM/Unity.PlasticSCM.Editor.asmdef)
Assembly with name 'Unity.PlasticSCM.Editor' already exists (Packages/com.unity.collab-proxy/Editor/PlasticSCM/Unity.PlasticSCM.Editor.asmdef)
Assembly with name 'Unity.Nuget.NewtonsoftJson.EditorTests' already exists (Packages/com.unity.nuget.newtonsoft-json/Tests/Editor/Unity.Nuget.NewtonsoftJson.EditorTests.asmdef)
Assembly with name 'Unity.Nuget.NewtonsoftJson.EditorTests' already exists (Assets/Library/PackageCache/com.unity.nuget.newtonsoft-json@2.0.0/Tests/Editor/Unity.Nuget.NewtonsoftJson.EditorTests.asmdef)
Assembly with name 'Unity.TextMeshPro.Editor' already exists (Assets/Library/PackageCache/com.unity.textmeshpro@3.0.6/Scripts/Editor/Unity.TextMeshPro.Editor.asmdef)
Assembly with name 'Unity.TextMeshPro.Editor' already exists (Packages/com.unity.textmeshpro/Scripts/Editor/Unity.TextMeshPro.Editor.asmdef)
Assembly with name 'Unity.CollabProxy.Editor' already exists (Assets/Library/PackageCache/com.unity.collab-proxy@1.13.5/Editor/Collaborate/Unity.CollabProxy.Editor.asmdef)
Assembly with name 'Unity.CollabProxy.Editor' already exists (Packages/com.unity.collab-proxy/Editor/Collaborate/Unity.CollabProxy.Editor.asmdef)
Assembly with name 'Unity.PlasticSCM.EditorTests' already exists (Assets/Library/PackageCache/com.unity.collab-proxy@1.13.5/Tests/Editor/PlasticSCM/Unity.PlasticSCM.EditorTests.asmdef)
Assembly with name 'Unity.PlasticSCM.EditorTests' already exists (Packages/com.unity.collab-proxy/Tests/Editor/PlasticSCM/Unity.PlasticSCM.EditorTests.asmdef)
Begin MonoManager ReloadAssembly
Native extension for LinuxStandalone target not found
Native extension for WindowsStandalone target not found
Native extension for WebGL target not found
Multiple plugins with the same name 'zlib64plastic' (found at 'Packages/com.unity.collab-proxy/Lib/Editor/PlasticSCM/zlib64Plastic.dll' and 'Assets/Library/PackageCache/com.unity.collab-proxy@1.13.5/Lib/Editor/PlasticSCM/zlib64Plastic.dll'). That means one or more plugins are set to be compatible with Editor. Only one plugin at the time can be used by Editor.
Multiple plugins with the same name 'lz4x64plastic' (found at 'Assets/Library/PackageCache/com.unity.collab-proxy@1.13.5/Lib/Editor/PlasticSCM/lz4x64Plastic.dll' and 'Packages/com.unity.collab-proxy/Lib/Editor/PlasticSCM/lz4x64Plastic.dll'). That means one or more plugins are set to be compatible with Editor. Only one plugin at the time can be used by Editor.
Refreshing native plugins compatible for Editor in 2.17 ms, found 2 plugins.
Preloading 0 native plugins for Editor in 0.00 ms.
Assembly with name 'Unity.VSCode.Editor' already exists (Assets/Library/PackageCache/com.unity.ide.vscode@1.2.4/Editor/Unity.com.unity.vscode.Editor.asmdef)
Assembly with name 'Unity.VSCode.Editor' already exists (Packages/com.unity.ide.vscode/Editor/Unity.com.unity.vscode.Editor.asmdef)
Assembly with name 'UnityEditor.UI' already exists (Assets/Library/PackageCache/com.unity.ugui@1.0.0/Editor/UnityEditor.UI.asmdef)
Assembly with name 'UnityEditor.UI' already exists (Packages/com.unity.ugui/Editor/UnityEditor.UI.asmdef)
Assembly with name 'UnityEditor.UI.EditorTests' already exists (Packages/com.unity.ugui/Tests/Editor/UnityEditor.UI.EditorTests.asmdef)
Assembly with name 'UnityEditor.UI.EditorTests' already exists (Assets/Library/PackageCache/com.unity.ugui@1.0.0/Tests/Editor/UnityEditor.UI.EditorTests.asmdef)
Assembly with name 'UnityEngine.UI' already exists (Assets/Library/PackageCache/com.unity.ugui@1.0.0/Runtime/UnityEngine.UI.asmdef)
Assembly with name 'UnityEngine.UI' already exists (Packages/com.unity.ugui/Runtime/UnityEngine.UI.asmdef)
Assembly with name 'UnityEngine.UI.Tests' already exists (Packages/com.unity.ugui/Tests/Runtime/UnityEngine.UI.Tests.asmdef)
Assembly with name 'UnityEngine.UI.Tests' already exists (Assets/Library/PackageCache/com.unity.ugui@1.0.0/Tests/Runtime/UnityEngine.UI.Tests.asmdef)
Assembly with name 'Unity.TextMeshPro' already exists (Packages/com.unity.textmeshpro/Scripts/Runtime/Unity.TextMeshPro.asmdef)
Assembly with name 'Unity.TextMeshPro' already exists (Assets/Library/PackageCache/com.unity.textmeshpro@3.0.6/Scripts/Runtime/Unity.TextMeshPro.asmdef)
Assembly with name 'Unity.TextMeshPro.Editor.Tests' already exists (Packages/com.unity.textmeshpro/Tests/Editor/Unity.TextMeshPro.Editor.Tests.asmdef)
Assembly with name 'Unity.TextMeshPro.Editor.Tests' already exists (Assets/Library/PackageCache/com.unity.textmeshpro@3.0.6/Tests/Editor/Unity.TextMeshPro.Editor.Tests.asmdef)
Assembly with name 'UnityEditor.TestRunner' already exists (Assets/Library/PackageCache/com.unity.test-framework@1.1.29/UnityEditor.TestRunner/UnityEditor.TestRunner.asmdef)
Assembly with name 'UnityEditor.TestRunner' already exists (Packages/com.unity.test-framework/UnityEditor.TestRunner/UnityEditor.TestRunner.asmdef)
Assembly with name 'UnityEngine.TestRunner' already exists (Assets/Library/PackageCache/com.unity.test-framework@1.1.29/UnityEngine.TestRunner/UnityEngine.TestRunner.asmdef)
Assembly with name 'UnityEngine.TestRunner' already exists (Packages/com.unity.test-framework/UnityEngine.TestRunner/UnityEngine.TestRunner.asmdef)
Assembly with name 'Unity.Services.Core.Editor' already exists (Packages/com.unity.services.core/Editor/Core/Unity.Services.Core.Editor.asmdef)
Assembly with name 'Unity.Services.Core.Editor' already exists (Assets/Library/PackageCache/com.unity.services.core@1.0.1/Editor/Core/Unity.Services.Core.Editor.asmdef)
Assembly with name 'Unity.TextMeshPro.Tests' already exists (Packages/com.unity.textmeshpro/Tests/Runtime/Unity.TextMeshPro.Tests.asmdef)
Assembly with name 'Unity.TextMeshPro.Tests' already exists (Assets/Library/PackageCache/com.unity.textmeshpro@3.0.6/Tests/Runtime/Unity.TextMeshPro.Tests.asmdef)
Assembly with name 'Unity.VisualStudio.Editor' already exists (Assets/Library/PackageCache/com.unity.ide.visualstudio@2.0.11/Editor/com.unity.ide.visualstudio.asmdef)
Assembly with name 'Unity.VisualStudio.Editor' already exists (Packages/com.unity.ide.visualstudio/Editor/com.unity.ide.visualstudio.asmdef)
Assembly with name 'Unity.CollabProxy.EditorTests' already exists (Packages/com.unity.collab-proxy/Tests/Editor/Collaborate/Unity.CollabProxy.EditorTests.asmdef)
Assembly with name 'Unity.CollabProxy.EditorTests' already exists (Assets/Library/PackageCache/com.unity.collab-proxy@1.13.5/Tests/Editor/Collaborate/Unity.CollabProxy.EditorTests.asmdef)
Assembly with name 'Unity.PlasticSCM.Editor' already exists (Assets/Library/PackageCache/com.unity.collab-proxy@1.13.5/Editor/PlasticSCM/Unity.PlasticSCM.Editor.asmdef)
Assembly with name 'Unity.PlasticSCM.Editor' already exists (Packages/com.unity.collab-proxy/Editor/PlasticSCM/Unity.PlasticSCM.Editor.asmdef)
Assembly with name 'Unity.Nuget.NewtonsoftJson.EditorTests' already exists (Packages/com.unity.nuget.newtonsoft-json/Tests/Editor/Unity.Nuget.NewtonsoftJson.EditorTests.asmdef)
Assembly with name 'Unity.Nuget.NewtonsoftJson.EditorTests' already exists (Assets/Library/PackageCache/com.unity.nuget.newtonsoft-json@2.0.0/Tests/Editor/Unity.Nuget.NewtonsoftJson.EditorTests.asmdef)
Assembly with name 'Unity.TextMeshPro.Editor' already exists (Assets/Library/PackageCache/com.unity.textmeshpro@3.0.6/Scripts/Editor/Unity.TextMeshPro.Editor.asmdef)
Assembly with name 'Unity.TextMeshPro.Editor' already exists (Packages/com.unity.textmeshpro/Scripts/Editor/Unity.TextMeshPro.Editor.asmdef)
Assembly with name 'Unity.CollabProxy.Editor' already exists (Assets/Library/PackageCache/com.unity.collab-proxy@1.13.5/Editor/Collaborate/Unity.CollabProxy.Editor.asmdef)
Assembly with name 'Unity.CollabProxy.Editor' already exists (Packages/com.unity.collab-proxy/Editor/Collaborate/Unity.CollabProxy.Editor.asmdef)
Assembly with name 'Unity.PlasticSCM.EditorTests' already exists (Assets/Library/PackageCache/com.unity.collab-proxy@1.13.5/Tests/Editor/PlasticSCM/Unity.PlasticSCM.EditorTests.asmdef)
Assembly with name 'Unity.PlasticSCM.EditorTests' already exists (Packages/com.unity.collab-proxy/Tests/Editor/PlasticSCM/Unity.PlasticSCM.EditorTests.asmdef)
Mono: successfully reloaded assembly
- Completed reload, in  1.230 seconds
Domain Reload Profiling:
	ReloadAssembly (1231ms)
		BeginReloadAssembly (149ms)
			ExecutionOrderSort (0ms)
			DisableScriptedObjects (5ms)
			BackupInstance (0ms)
			ReleaseScriptingObjects (0ms)
			CreateAndSetChildDomain (22ms)
		EndReloadAssembly (1022ms)
			LoadAssemblies (204ms)
			RebuildTransferFunctionScriptingTraits (0ms)
			SetupTypeCache (294ms)
			ReleaseScriptCaches (1ms)
			RebuildScriptCaches (63ms)
			SetupLoadedEditorAssemblies (366ms)
				LogAssemblyErrors (0ms)
				InitializePlatformSupportModulesInManaged (6ms)
				SetLoadedEditorAssemblies (0ms)
				RefreshPlugins (2ms)
				BeforeProcessingInitializeOnLoad (119ms)
				ProcessInitializeOnLoadAttributes (225ms)
				ProcessInitializeOnLoadMethodAttributes (11ms)
				AfterProcessingInitializeOnLoad (2ms)
				EditorAssembliesLoaded (0ms)
			ExecutionOrderSort2 (0ms)
			AwakeInstancesAfterBackupRestoration (6ms)
Platform modules already initialized, skipping
========================================================================
Worker process is ready to serve import requests
Launched and connected shader compiler UnityShaderCompiler.exe after 0.08 seconds
Multiple plugins with the same name 'zlib64plastic' (found at 'Packages/com.unity.collab-proxy/Lib/Editor/PlasticSCM/zlib64Plastic.dll' and 'Assets/Library/PackageCache/com.unity.collab-proxy@1.13.5/Lib/Editor/PlasticSCM/zlib64Plastic.dll'). That means one or more plugins are set to be compatible with Editor. Only one plugin at the time can be used by Editor.
Multiple plugins with the same name 'lz4x64plastic' (found at 'Assets/Library/PackageCache/com.unity.collab-proxy@1.13.5/Lib/Editor/PlasticSCM/lz4x64Plastic.dll' and 'Packages/com.unity.collab-proxy/Lib/Editor/PlasticSCM/lz4x64Plastic.dll'). That means one or more plugins are set to be compatible with Editor. Only one plugin at the time can be used by Editor.
Refreshing native plugins compatible for Editor in 4.87 ms, found 2 plugins.
Preloading 0 native plugins for Editor in 0.00 ms.
Unloading 4674 Unused Serialized files (Serialized files now loaded: 0)
System memory in use before: 303.4 MB.
System memory in use after: 303.6 MB.

Unloading 241 unused Assets to reduce memory usage. Loaded Objects now: 5154.
Total: 4.420700 ms (FindLiveObjects: 0.587100 ms CreateObjectMapping: 0.149200 ms MarkObjects: 3.544600 ms  DeleteObjects: 0.138100 ms)

AssetImportParameters requested are different than current active one (requested -> active):
  custom:framework-win-MediaFoundation: 216162199b28c13a410421893ffa2e32 -> 
  custom:video-decoder-ogg-theora: a1e56fd34408186e4bbccfd4996cb3dc -> 
  custom:container-muxer-webm: aa71ff27fc2769a1b78a27578f13a17b -> 
  custom:container-demuxer-webm: 4f35f7cbe854078d1ac9338744f61a02 -> 
  custom:container-demuxer-ogg: 62fdf1f143b41e24485cea50d1cbac27 -> 
  custom:video-encoder-webm-vp8: eb34c28f22e8b96e1ab97ce403110664 -> 
  custom:video-decoder-webm-vp8: 9c59270c3fd7afecdb556c50c9e8de78 -> 
  custom:audio-decoder-ogg-vorbis: bf7c407c2cedff20999df2af8eb42d56 -> 
  custom:audio-encoder-webm-vorbis: bf7c407c2cedff20999df2af8eb42d56 -> 
========================================================================
Received Import Request.
  path: Assets/ikonka4.png
  artifactKey: Guid(4dc2842dbcb8d0d41b4ac56fd46f037a) Importer(815301076,1909f56bfc062723c751e8b465ee728b)
Start importing Assets/ikonka4.png using Guid(4dc2842dbcb8d0d41b4ac56fd46f037a) Importer(815301076,1909f56bfc062723c751e8b465ee728b)  -> (artifact id: '38e8fa1123c7ebc4d08e9c39c373f3a6') in 0.207178 seconds 
  Import took 0.215143 seconds .

========================================================================
Received Import Request.
  Time since last request: 0.000236 seconds.
  path: Assets/ECM_CapsuleDummy.prefab
  artifactKey: Guid(cb07dddb212047e4e84d34249ea28fb2) Importer(815301076,1909f56bfc062723c751e8b465ee728b)
Start importing Assets/ECM_CapsuleDummy.prefab using Guid(cb07dddb212047e4e84d34249ea28fb2) Importer(815301076,1909f56bfc062723c751e8b465ee728b)  -> (artifact id: 'f41920a7b13f0608360c6c29520abbde') in 0.505115 seconds 
  Import took 0.512277 seconds .

========================================================================
Received Import Request.
  Time since last request: 0.000273 seconds.
  path: Assets/ikonka4.jpg
  artifactKey: Guid(9b1330384651b74458331c1eedecc743) Importer(815301076,1909f56bfc062723c751e8b465ee728b)
Start importing Assets/ikonka4.jpg using Guid(9b1330384651b74458331c1eedecc743) Importer(815301076,1909f56bfc062723c751e8b465ee728b)  -> (artifact id: '3647ab368fe8f50459dcd395f8aff9cc') in 0.032681 seconds 
  Import took 0.039472 seconds .

========================================================================
Received Import Request.
  Time since last request: 0.000209 seconds.
  path: Assets/Rubbish.png
  artifactKey: Guid(ab3e06f1bbe7b4245baf976c5433afc2) Importer(815301076,1909f56bfc062723c751e8b465ee728b)
Start importing Assets/Rubbish.png using Guid(ab3e06f1bbe7b4245baf976c5433afc2) Importer(815301076,1909f56bfc062723c751e8b465ee728b)  -> (artifact id: 'f0a93f0b41701fdb531df4e5a4fb4b89') in 0.027824 seconds 
  Import took 0.034602 seconds .

========================================================================
Received Import Request.
  Time since last request: 0.000207 seconds.
  path: Assets/7HoDWcj395I.jpg
  artifactKey: Guid(83fc5aab416e2d346808915073b619de) Importer(815301076,1909f56bfc062723c751e8b465ee728b)
Start importing Assets/7HoDWcj395I.jpg using Guid(83fc5aab416e2d346808915073b619de) Importer(815301076,1909f56bfc062723c751e8b465ee728b)  -> (artifact id: 'a22acc0e501ed0774c4f981671b593e6') in 0.013960 seconds 
  Import took 0.020682 seconds .

========================================================================
Received Import Request.
  Time since last request: 0.000209 seconds.
  path: Assets/New Render Texture.renderTexture
  artifactKey: Guid(05b9abdc58846c746accbbb4bf7a5f05) Importer(815301076,1909f56bfc062723c751e8b465ee728b)
Start importing Assets/New Render Texture.renderTexture using Guid(05b9abdc58846c746accbbb4bf7a5f05) Importer(815301076,1909f56bfc062723c751e8b465ee728b)  -> (artifact id: 'b21b401ea7f370850f87329fa4d97578') in 0.012440 seconds 
  Import took 0.019401 seconds .

========================================================================
Received Import Request.
  Time since last request: 0.000206 seconds.
  path: Assets/3.png
  artifactKey: Guid(4488a86c015116842ac3514169c5687c) Importer(815301076,1909f56bfc062723c751e8b465ee728b)
Start importing Assets/3.png using Guid(4488a86c015116842ac3514169c5687c) Importer(815301076,1909f56bfc062723c751e8b465ee728b)  -> (artifact id: '2901e7be34a9aef5adcfd3d0db416ac8') in 0.020226 seconds 
  Import took 0.027595 seconds .

========================================================================
Received Import Request.
  Time since last request: 0.000207 seconds.
  path: Assets/New Render Texture 1.renderTexture
  artifactKey: Guid(7eeb1dec38628354e933ac38297dd471) Importer(815301076,1909f56bfc062723c751e8b465ee728b)
Start importing Assets/New Render Texture 1.renderTexture using Guid(7eeb1dec38628354e933ac38297dd471) Importer(815301076,1909f56bfc062723c751e8b465ee728b)  -> (artifact id: 'ee1a375496b271f61db0d3efaf1bbd12') in 0.008756 seconds 
  Import took 0.015553 seconds .

========================================================================
Received Import Request.
  Time since last request: 0.000206 seconds.
  path: Assets/1.png
  artifactKey: Guid(665c4007298fac3449437d08b94a774e) Importer(815301076,1909f56bfc062723c751e8b465ee728b)
Start importing Assets/1.png using Guid(665c4007298fac3449437d08b94a774e) Importer(815301076,1909f56bfc062723c751e8b465ee728b)  -> (artifact id: 'bf93034d70ba302ab189e3ebc3cc3838') in 0.020047 seconds 
  Import took 0.026939 seconds .

========================================================================
Received Import Request.
  Time since last request: 0.000223 seconds.
  path: Assets/2.png
  artifactKey: Guid(1b54f6d9736828f4396bbdab8334bb13) Importer(815301076,1909f56bfc062723c751e8b465ee728b)
Start importing Assets/2.png using Guid(1b54f6d9736828f4396bbdab8334bb13) Importer(815301076,1909f56bfc062723c751e8b465ee728b)  -> (artifact id: '93a0c637affe38e5b8922600e3369725') in 0.016074 seconds 
  Import took 0.022948 seconds .

========================================================================
Received Import Request.
  Time since last request: 89.281360 seconds.
  path: Assets/BuildingShadet/New Material.mat
  artifactKey: Guid(ed3d6df3b77ccd0489ebf9a87c659dd0) Importer(815301076,1909f56bfc062723c751e8b465ee728b)
Start importing Assets/BuildingShadet/New Material.mat using Guid(ed3d6df3b77ccd0489ebf9a87c659dd0) Importer(815301076,1909f56bfc062723c751e8b465ee728b)  -> (artifact id: 'a6e220a62a54ed7ca7871938af58634f') in 0.047298 seconds 
  Import took 0.055752 seconds .

========================================================================
Received Import Request.
  Time since last request: 0.000281 seconds.
  path: Assets/BuildingShadet/test3.asset
  artifactKey: Guid(64bab62a3c2ef334da19de83dbc098eb) Importer(815301076,1909f56bfc062723c751e8b465ee728b)
Start importing Assets/BuildingShadet/test3.asset using Guid(64bab62a3c2ef334da19de83dbc098eb) Importer(815301076,1909f56bfc062723c751e8b465ee728b)  -> (artifact id: 'fd47892095e13c15485f96577ed51031') in 0.034800 seconds 
  Import took 0.042829 seconds .

========================================================================
Received Import Request.
  Time since last request: 0.000276 seconds.
  path: Assets/BuildingShadet/UniversalRenderPipelineAsset_Renderer.asset
  artifactKey: Guid(d663661506df11e45a8590e36ce718b1) Importer(815301076,1909f56bfc062723c751e8b465ee728b)
Start importing Assets/BuildingShadet/UniversalRenderPipelineAsset_Renderer.asset using Guid(d663661506df11e45a8590e36ce718b1) Importer(815301076,1909f56bfc062723c751e8b465ee728b)  -> (artifact id: 'a9c4253aa0313760b9067c990ad9c40c') in 0.003553 seconds 
  Import took 0.011390 seconds .

========================================================================
Received Import Request.
  Time since last request: 0.000249 seconds.
  path: Assets/BuildingShadet/UniversalRenderPipelineAsset.asset
  artifactKey: Guid(3b1be7ab947ee114b9a7e9b02d120201) Importer(815301076,1909f56bfc062723c751e8b465ee728b)
Start importing Assets/BuildingShadet/UniversalRenderPipelineAsset.asset using Guid(3b1be7ab947ee114b9a7e9b02d120201) Importer(815301076,1909f56bfc062723c751e8b465ee728b)  -> (artifact id: 'eaa4e73e1d7264f3f9e7830a03600f96') in 0.002653 seconds 
  Import took 0.011038 seconds .

========================================================================
Received Import Request.
  Time since last request: 2.366191 seconds.
  path: Assets/Fonts/Comic_CAT SDF.asset
  artifactKey: Guid(b41c533a7016cb54c9ee640d61b3d136) Importer(815301076,1909f56bfc062723c751e8b465ee728b)
Start importing Assets/Fonts/Comic_CAT SDF.asset using Guid(b41c533a7016cb54c9ee640d61b3d136) Importer(815301076,1909f56bfc062723c751e8b465ee728b)  -> (artifact id: '38b75c41c152e475e2556b8836d758b6') in 0.046164 seconds 
  Import took 0.057395 seconds .

========================================================================
Received Import Request.
  Time since last request: 0.000257 seconds.
  path: Assets/Fonts/Comic_CAT.otf
  artifactKey: Guid(c8388bf06b89b474da2695f005800db3) Importer(815301076,1909f56bfc062723c751e8b465ee728b)
Start importing Assets/Fonts/Comic_CAT.otf using Guid(c8388bf06b89b474da2695f005800db3) Importer(815301076,1909f56bfc062723c751e8b465ee728b)  -> (artifact id: '57d28fd0dd9c1bcf8b0046c94c883723') in 0.028237 seconds 
  Import took 0.038189 seconds .

AssetImportWorkerClient::OnTransportError - code=2 error=End of file
